\BOOKMARK [1][-]{section.1}{Introduction}{}% 1
\BOOKMARK [1][-]{section.2}{Mega-trends pulling the technology development}{}% 2
\BOOKMARK [1][-]{section.3}{Microgrids}{}% 3
\BOOKMARK [2][-]{subsection.3.1}{Why DC ?}{section.3}% 4
\BOOKMARK [2][-]{subsection.3.2}{Microgrid Architecture comparison}{section.3}% 5
\BOOKMARK [1][-]{section.4}{Low Voltage DC distribution}{}% 6
\BOOKMARK [1][-]{section.5}{Power Electronics}{}% 7
\BOOKMARK [2][-]{subsection.5.1}{Internal Drivers for research}{section.5}% 8
\BOOKMARK [2][-]{subsection.5.2}{External Drivers for research - Application}{section.5}% 9
\BOOKMARK [2][-]{subsection.5.3}{Source Converter}{section.5}% 10
\BOOKMARK [3][-]{subsubsection.5.3.1}{Photovoltaic systems and Fuel cells}{subsection.5.3}% 11
\BOOKMARK [3][-]{subsubsection.5.3.2}{Wind energy}{subsection.5.3}% 12
\BOOKMARK [2][-]{subsection.5.4}{Energy Storage Converters}{section.5}% 13
\BOOKMARK [2][-]{subsection.5.5}{Load Converters}{section.5}% 14
\BOOKMARK [2][-]{subsection.5.6}{Network Converters}{section.5}% 15
\BOOKMARK [2][-]{subsection.5.7}{Vertical vs. Horizontal network converters}{section.5}% 16
\BOOKMARK [1][-]{section.6}{Modular vs. Integral}{}% 17
\BOOKMARK [2][-]{subsection.6.1}{Product Architecture}{section.6}% 18
\BOOKMARK [2][-]{subsection.6.2}{Defining Modularity}{section.6}% 19
\BOOKMARK [3][-]{subsubsection.6.2.1}{Component Separability}{subsection.6.2}% 20
\BOOKMARK [3][-]{subsubsection.6.2.2}{Component Combinability}{subsection.6.2}% 21
\BOOKMARK [2][-]{subsection.6.3}{Conclusion}{section.6}% 22
\BOOKMARK [1][-]{section.7}{Modular Converter}{}% 23
\BOOKMARK [2][-]{subsection.7.1}{Methodology}{section.7}% 24
\BOOKMARK [2][-]{subsection.7.2}{Gathered Motivations}{section.7}% 25
\BOOKMARK [2][-]{subsection.7.3}{Modules definitions}{section.7}% 26
\BOOKMARK [2][-]{subsection.7.4}{Modularity various aspects}{section.7}% 27
\BOOKMARK [3][-]{subsubsection.7.4.1}{Efficiency \046 Reliability \046 Modularity}{subsection.7.4}% 28
\BOOKMARK [3][-]{subsubsection.7.4.2}{Limited space Reduction \046 Magnetics design \046 New semiconductors}{subsection.7.4}% 29
\BOOKMARK [1][-]{section.8}{Modular topology for LVDC}{}% 30
\BOOKMARK [2][-]{subsubsection.8.0.1}{Why Modularity makes sense in LVDC ?}{section.8}% 31
\BOOKMARK [2][-]{subsection.8.1}{Module review}{section.8}% 32
\BOOKMARK [1][-]{section.9}{Conclusion}{}% 33
\BOOKMARK [1][-]{appendix.A}{Perhaps a practical issue}{}% 34
